  KinectSensor.cpp
c:\program files\microsoft sdks\kinect\v1.8\inc\nuiapi.h(46): error C2144: syntax error: 'int' should be preceded by ';'
c:\program files\microsoft sdks\kinect\v1.8\inc\nuiapi.h(46): error C4430: missing type specifier - int assumed. Note: C++ does not support default-int
c:\program files\microsoft sdks\kinect\v1.8\inc\nuiapi.h(46): error C2146: syntax error: missing ';' before identifier 'NuiInitialize'
c:\program files\microsoft sdks\kinect\v1.8\inc\nuiapi.h(47): error C2065: '_In_': undeclared identifier
c:\program files\microsoft sdks\kinect\v1.8\inc\nuiapi.h(47): error C2146: syntax error: missing ')' before identifier 'DWORD'
c:\program files\microsoft sdks\kinect\v1.8\inc\nuiapi.h(53): error C2144: syntax error: 'int' should be preceded by ';'
c:\program files\microsoft sdks\kinect\v1.8\inc\nuiapi.h(53): error C4430: missing type specifier - int assumed. Note: C++ does not support default-int
c:\program files\microsoft sdks\kinect\v1.8\inc\nuiapi.h(53): error C2146: syntax error: missing ';' before identifier 'NuiShutdown'
c:\program files\microsoft sdks\kinect\v1.8\inc\nuiapi.h(54): error C4430: missing type specifier - int assumed. Note: C++ does not support default-int
c:\program files\microsoft sdks\kinect\v1.8\inc\nuiapi.h(77): error C2065: 'SEVERITY_ERROR': undeclared identifier
c:\program files\microsoft sdks\kinect\v1.8\inc\nuiapi.h(77): error C3861: 'MAKE_HRESULT': identifier not found
c:\program files (x86)\windows kits\8.1\include\um\winnt.h(604): error C2378: 'HRESULT': redefinition; symbol cannot be overloaded with a typedef
  c:\program files\microsoft sdks\kinect\v1.8\inc\nuiapi.h(46): note: see declaration of 'HRESULT'
c:\program files (x86)\windows kits\8.1\include\um\bemapiset.h(50): error C2143: syntax error: missing ';' before '__cdecl'
c:\program files (x86)\windows kits\8.1\include\um\bemapiset.h(50): error C4430: missing type specifier - int assumed. Note: C++ does not support default-int
c:\program files (x86)\windows kits\8.1\include\um\bemapiset.h(50): error C2086: 'int HRESULT': redefinition
  c:\program files\microsoft sdks\kinect\v1.8\inc\nuiapi.h(46): note: see declaration of 'HRESULT'
c:\program files (x86)\windows kits\8.1\include\um\bemapiset.h(56): error C4430: missing type specifier - int assumed. Note: C++ does not support default-int
c:\program files (x86)\windows kits\8.1\include\um\bemapiset.h(60): error C2143: syntax error: missing ';' before '__cdecl'
c:\program files (x86)\windows kits\8.1\include\um\bemapiset.h(60): error C4430: missing type specifier - int assumed. Note: C++ does not support default-int
c:\program files (x86)\windows kits\8.1\include\um\bemapiset.h(60): error C2086: 'int HRESULT': redefinition
  c:\program files\microsoft sdks\kinect\v1.8\inc\nuiapi.h(46): note: see declaration of 'HRESULT'
c:\program files (x86)\windows kits\8.1\include\um\bemapiset.h(67): error C4430: missing type specifier - int assumed. Note: C++ does not support default-int
c:\program files (x86)\windows kits\8.1\include\um\bemapiset.h(71): error C2143: syntax error: missing ';' before '__cdecl'
c:\program files (x86)\windows kits\8.1\include\um\bemapiset.h(71): error C4430: missing type specifier - int assumed. Note: C++ does not support default-int
c:\program files (x86)\windows kits\8.1\include\um\bemapiset.h(71): error C2086: 'int HRESULT': redefinition
  c:\program files\microsoft sdks\kinect\v1.8\inc\nuiapi.h(46): note: see declaration of 'HRESULT'
c:\program files (x86)\windows kits\8.1\include\um\bemapiset.h(75): error C4430: missing type specifier - int assumed. Note: C++ does not support default-int
c:\program files (x86)\windows kits\8.1\include\um\winbase.h(5270): error C3646: 'hrFailure': unknown override specifier
c:\program files (x86)\windows kits\8.1\include\um\winbase.h(5270): error C4430: missing type specifier - int assumed. Note: C++ does not support default-int
c:\program files (x86)\windows kits\8.1\include\um\winbase.h(5299): error C2143: syntax error: missing ';' before '__cdecl'
c:\program files (x86)\windows kits\8.1\include\um\winbase.h(5299): error C4430: missing type specifier - int assumed. Note: C++ does not support default-int
c:\program files (x86)\windows kits\8.1\include\um\winbase.h(5298): error C2370: 'HRESULT': redefinition; different storage class
  c:\program files\microsoft sdks\kinect\v1.8\inc\nuiapi.h(46): note: see declaration of 'HRESULT'
c:\program files (x86)\windows kits\8.1\include\um\winbase.h(5304): error C4430: missing type specifier - int assumed. Note: C++ does not support default-int
c:\program files (x86)\windows kits\8.1\include\shared\winerror.h(26297): error C2433: 'HRESULT': '__forceinline' not permitted on data declarations
c:\program files (x86)\windows kits\8.1\include\shared\winerror.h(26297): error C4430: missing type specifier - int assumed. Note: C++ does not support default-int
c:\program files (x86)\windows kits\8.1\include\shared\winerror.h(26297): error C2086: 'int HRESULT': redefinition
  c:\program files\microsoft sdks\kinect\v1.8\inc\nuiapi.h(46): note: see declaration of 'HRESULT'
c:\program files (x86)\windows kits\8.1\include\shared\winerror.h(26297): error C2146: syntax error: missing ';' before identifier 'HRESULT_FROM_WIN32'
c:\program files (x86)\windows kits\8.1\include\um\winbase.h(8122): error C2143: syntax error: missing ';' before '__cdecl'
c:\program files (x86)\windows kits\8.1\include\um\winbase.h(8122): error C4430: missing type specifier - int assumed. Note: C++ does not support default-int
c:\program files (x86)\windows kits\8.1\include\um\winbase.h(8121): error C2370: 'HRESULT': redefinition; different storage class
  c:\program files\microsoft sdks\kinect\v1.8\inc\nuiapi.h(46): note: see declaration of 'HRESULT'
c:\program files (x86)\windows kits\8.1\include\um\winbase.h(8128): error C4430: missing type specifier - int assumed. Note: C++ does not support default-int
c:\program files (x86)\windows kits\8.1\include\um\winbase.h(8132): error C2143: syntax error: missing ';' before '__cdecl'
c:\program files (x86)\windows kits\8.1\include\um\winbase.h(8132): error C4430: missing type specifier - int assumed. Note: C++ does not support default-int
c:\program files (x86)\windows kits\8.1\include\um\winbase.h(8131): error C2370: 'HRESULT': redefinition; different storage class
  c:\program files\microsoft sdks\kinect\v1.8\inc\nuiapi.h(46): note: see declaration of 'HRESULT'
c:\program files (x86)\windows kits\8.1\include\um\winbase.h(8133): error C4430: missing type specifier - int assumed. Note: C++ does not support default-int
c:\program files (x86)\windows kits\8.1\include\um\winbase.h(8137): error C2143: syntax error: missing ';' before '__cdecl'
c:\program files (x86)\windows kits\8.1\include\um\winbase.h(8137): error C4430: missing type specifier - int assumed. Note: C++ does not support default-int
c:\program files (x86)\windows kits\8.1\include\um\winbase.h(8136): error C2370: 'HRESULT': redefinition; different storage class
  c:\program files\microsoft sdks\kinect\v1.8\inc\nuiapi.h(46): note: see declaration of 'HRESULT'
c:\program files (x86)\windows kits\8.1\include\um\winbase.h(8141): error C4430: missing type specifier - int assumed. Note: C++ does not support default-int
c:\program files (x86)\windows kits\8.1\include\um\winbase.h(8145): error C2143: syntax error: missing ';' before '__cdecl'
c:\program files (x86)\windows kits\8.1\include\um\winbase.h(8145): error C4430: missing type specifier - int assumed. Note: C++ does not support default-int
c:\program files (x86)\windows kits\8.1\include\um\winbase.h(8144): error C2370: 'HRESULT': redefinition; different storage class
  c:\program files\microsoft sdks\kinect\v1.8\inc\nuiapi.h(46): note: see declaration of 'HRESULT'
c:\program files (x86)\windows kits\8.1\include\um\winbase.h(8146): error C4430: missing type specifier - int assumed. Note: C++ does not support default-int
c:\program files (x86)\windows kits\8.1\include\um\winbase.h(8150): error C2143: syntax error: missing ';' before '__cdecl'
c:\program files (x86)\windows kits\8.1\include\um\winbase.h(8150): error C4430: missing type specifier - int assumed. Note: C++ does not support default-int
c:\program files (x86)\windows kits\8.1\include\um\winbase.h(8149): error C2370: 'HRESULT': redefinition; different storage class
  c:\program files\microsoft sdks\kinect\v1.8\inc\nuiapi.h(46): note: see declaration of 'HRESULT'
c:\program files (x86)\windows kits\8.1\include\um\winbase.h(8157): error C4430: missing type specifier - int assumed. Note: C++ does not support default-int
c:\program files (x86)\windows kits\8.1\include\um\winbase.h(8161): error C2143: syntax error: missing ';' before '__cdecl'
c:\program files (x86)\windows kits\8.1\include\um\winbase.h(8161): error C4430: missing type specifier - int assumed. Note: C++ does not support default-int
c:\program files (x86)\windows kits\8.1\include\um\winbase.h(8160): error C2370: 'HRESULT': redefinition; different storage class
  c:\program files\microsoft sdks\kinect\v1.8\inc\nuiapi.h(46): note: see declaration of 'HRESULT'
c:\program files (x86)\windows kits\8.1\include\um\winbase.h(8167): error C4430: missing type specifier - int assumed. Note: C++ does not support default-int
c:\program files (x86)\windows kits\8.1\include\um\winbase.h(8171): error C2143: syntax error: missing ';' before '__cdecl'
c:\program files (x86)\windows kits\8.1\include\um\winbase.h(8171): error C4430: missing type specifier - int assumed. Note: C++ does not support default-int
c:\program files (x86)\windows kits\8.1\include\um\winbase.h(8170): error C2370: 'HRESULT': redefinition; different storage class
  c:\program files\microsoft sdks\kinect\v1.8\inc\nuiapi.h(46): note: see declaration of 'HRESULT'
c:\program files (x86)\windows kits\8.1\include\um\winbase.h(8174): error C4430: missing type specifier - int assumed. Note: C++ does not support default-int
c:\program files (x86)\windows kits\8.1\include\um\shellapi.h(523): error C2143: syntax error: missing ';' before '__cdecl'
c:\program files (x86)\windows kits\8.1\include\um\shellapi.h(523): error C4430: missing type specifier - int assumed. Note: C++ does not support default-int
c:\program files (x86)\windows kits\8.1\include\um\shellapi.h(523): error C2370: 'HRESULT': redefinition; different storage class
  c:\program files\microsoft sdks\kinect\v1.8\inc\nuiapi.h(46): note: see declaration of 'HRESULT'
c:\program files (x86)\windows kits\8.1\include\um\shellapi.h(886): error C2143: syntax error: missing ';' before '__cdecl'
c:\program files (x86)\windows kits\8.1\include\um\shellapi.h(886): error C4430: missing type specifier - int assumed. Note: C++ does not support default-int
c:\program files (x86)\windows kits\8.1\include\um\shellapi.h(886): error C2370: 'HRESULT': redefinition; different storage class
  c:\program files\microsoft sdks\kinect\v1.8\inc\nuiapi.h(46): note: see declaration of 'HRESULT'
c:\program files (x86)\windows kits\8.1\include\um\shellapi.h(951): error C2143: syntax error: missing ';' before '__cdecl'
c:\program files (x86)\windows kits\8.1\include\um\shellapi.h(951): error C4430: missing type specifier - int assumed. Note: C++ does not support default-int
c:\program files (x86)\windows kits\8.1\include\um\shellapi.h(951): error C2370: 'HRESULT': redefinition; different storage class
  c:\program files\microsoft sdks\kinect\v1.8\inc\nuiapi.h(46): note: see declaration of 'HRESULT'
c:\program files (x86)\windows kits\8.1\include\um\shellapi.h(952): error C2143: syntax error: missing ';' before '__cdecl'
c:\program files (x86)\windows kits\8.1\include\um\shellapi.h(952): error C4430: missing type specifier - int assumed. Note: C++ does not support default-int
c:\program files (x86)\windows kits\8.1\include\um\shellapi.h(952): error C2370: 'HRESULT': redefinition; different storage class
  c:\program files\microsoft sdks\kinect\v1.8\inc\nuiapi.h(46): note: see declaration of 'HRESULT'
c:\program files (x86)\windows kits\8.1\include\um\shellapi.h(958): error C2143: syntax error: missing ';' before '__cdecl'
c:\program files (x86)\windows kits\8.1\include\um\shellapi.h(958): error C4430: missing type specifier - int assumed. Note: C++ does not support default-int
c:\program files (x86)\windows kits\8.1\include\um\shellapi.h(958): error C2370: 'HRESULT': redefinition; different storage class
  c:\program files\microsoft sdks\kinect\v1.8\inc\nuiapi.h(46): note: see declaration of 'HRESULT'
c:\program files (x86)\windows kits\8.1\include\um\shellapi.h(959): error C2143: syntax error: missing ';' before '__cdecl'
c:\program files (x86)\windows kits\8.1\include\um\shellapi.h(959): error C4430: missing type specifier - int assumed. Note: C++ does not support default-int
c:\program files (x86)\windows kits\8.1\include\um\shellapi.h(959): error C2370: 'HRESULT': redefinition; different storage class
  c:\program files\microsoft sdks\kinect\v1.8\inc\nuiapi.h(46): note: see declaration of 'HRESULT'
c:\program files (x86)\windows kits\8.1\include\um\shellapi.h(991): error C2143: syntax error: missing ';' before '__cdecl'
c:\program files (x86)\windows kits\8.1\include\um\shellapi.h(991): error C4430: missing type specifier - int assumed. Note: C++ does not support default-int
c:\program files (x86)\windows kits\8.1\include\um\shellapi.h(991): error C2370: 'HRESULT': redefinition; different storage class
  c:\program files\microsoft sdks\kinect\v1.8\inc\nuiapi.h(46): note: see declaration of 'HRESULT'
c:\program files (x86)\windows kits\8.1\include\um\shellapi.h(996): error C2143: syntax error: missing ';' before '__cdecl'
c:\program files (x86)\windows kits\8.1\include\um\shellapi.h(996): error C4430: missing type specifier - int assumed. Note: C++ does not support default-int
c:\program files (x86)\windows kits\8.1\include\um\shellapi.h(996): error C2370: 'HRESULT': redefinition; different storage class
  c:\program files\microsoft sdks\kinect\v1.8\inc\nuiapi.h(46): note: see declaration of 'HRESULT'
c:\program files (x86)\windows kits\8.1\include\um\shellapi.h(1180): error C2143: syntax error: missing ';' before '__cdecl'
c:\program files (x86)\windows kits\8.1\include\um\shellapi.h(1180): error C4430: missing type specifier - int assumed. Note: C++ does not support default-int
c:\program files (x86)\windows kits\8.1\include\um\shellapi.h(1180): error C2370: 'HRESULT': redefinition; different storage class
  c:\program files\microsoft sdks\kinect\v1.8\inc\nuiapi.h(46): note: see declaration of 'HRESULT'
c:\program files (x86)\windows kits\8.1\include\um\shellapi.h(1393): error C2143: syntax error: missing ';' before '__cdecl'
c:\program files (x86)\windows kits\8.1\include\um\shellapi.h(1393): error C4430: missing type specifier - int assumed. Note: C++ does not support default-int
c:\program files (x86)\windows kits\8.1\include\um\shellapi.h(1393): error C2370: 'HRESULT': redefinition; different storage class
  c:\program files\microsoft sdks\kinect\v1.8\inc\nuiapi.h(46): note: see declaration of 'HRESULT'
c:\program files (x86)\windows kits\8.1\include\um\shellapi.h(1498): error C2143: syntax error: missing ';' before '__cdecl'
c:\program files (x86)\windows kits\8.1\include\um\shellapi.h(1498): error C4430: missing type specifier - int assumed. Note: C++ does not support default-int
c:\program files (x86)\windows kits\8.1\include\um\shellapi.h(1498): error C2370: 'HRESULT': redefinition; different storage class
  c:\program files\microsoft sdks\kinect\v1.8\inc\nuiapi.h(46): note: see declaration of 'HRESULT'
c:\program files (x86)\windows kits\8.1\include\um\shellapi.h(1519): error C2143: syntax error: missing ';' before '__cdecl'
c:\program files (x86)\windows kits\8.1\include\um\shellapi.h(1519): error C4430: missing type specifier - int assumed. Note: C++ does not support default-int
c:\program files (x86)\windows kits\8.1\include\um\shellapi.h(1519): error C2370: 'HRESULT': redefinition; different storage class
  c:\program files\microsoft sdks\kinect\v1.8\inc\nuiapi.h(46): note: see declaration of 'HRESULT'
c:\program files (x86)\windows kits\8.1\include\um\shellapi.h(1532): error C2143: syntax error: missing ';' before '__cdecl'
c:\program files (x86)\windows kits\8.1\include\um\shellapi.h(1532): error C4430: missing type specifier - int assumed. Note: C++ does not support default-int
c:\program files (x86)\windows kits\8.1\include\um\shellapi.h(1532): error C2370: 'HRESULT': redefinition; different storage class
  c:\program files\microsoft sdks\kinect\v1.8\inc\nuiapi.h(46): note: see declaration of 'HRESULT'
c:\program files (x86)\windows kits\8.1\include\um\shellapi.h(1537): error C2143: syntax error: missing ';' before '__cdecl'
c:\program files (x86)\windows kits\8.1\include\um\shellapi.h(1537): error C4430: missing type specifier - int assumed. Note: C++ does not support default-int
c:\program files (x86)\windows kits\8.1\include\um\shellapi.h(1537): error C2370: 'HRESULT': redefinition; different storage class
  c:\program files\microsoft sdks\kinect\v1.8\inc\nuiapi.h(46): note: see declaration of 'HRESULT'
c:\program files (x86)\windows kits\8.1\include\um\shellapi.h(1539): error C2143: syntax error: missing ';' before '__cdecl'
c:\program files (x86)\windows kits\8.1\include\um\shellapi.h(1539): error C4430: missing type specifier - int assumed. Note: C++ does not support default-int
c:\program files (x86)\windows kits\8.1\include\um\shellapi.h(1539): error C2370: 'HRESULT': redefinition; different storage class
  c:\program files\microsoft sdks\kinect\v1.8\inc\nuiapi.h(46): note: see declaration of 'HRESULT'
c:\program files (x86)\windows kits\8.1\include\um\shellapi.h(1599): error C2143: syntax error: missing ';' before '__cdecl'
c:\program files (x86)\windows kits\8.1\include\um\shellapi.h(1599): error C4430: missing type specifier - int assumed. Note: C++ does not support default-int
c:\program files (x86)\windows kits\8.1\include\um\shellapi.h(1600): error C2143: syntax error: missing ';' before '__cdecl'
c:\program files (x86)\windows kits\8.1\include\um\shellapi.h(1600): error C4430: missing type specifier - int assumed. Note: C++ does not support default-int
c:\program files (x86)\windows kits\8.1\include\um\shellapi.h(1606): error C2143: syntax error: missing ';' before '__cdecl'
c:\program files (x86)\windows kits\8.1\include\um\shellapi.h(1606): error C4430: missing type specifier - int assumed. Note: C++ does not support default-int
c:\program files (x86)\windows kits\8.1\include\um\shellapi.h(1607): error C2143: syntax error: missing ';' before '__cdecl'
c:\program files (x86)\windows kits\8.1\include\um\shellapi.h(1607): error C4430: missing type specifier - int assumed. Note: C++ does not support default-int
c:\program files (x86)\windows kits\8.1\include\um\shellapi.h(1613): error C2143: syntax error: missing ';' before '__cdecl'
c:\program files (x86)\windows kits\8.1\include\um\shellapi.h(1613): error C4430: missing type specifier - int assumed. Note: C++ does not support default-int
c:\program files (x86)\windows kits\8.1\include\um\shellapi.h(1614): error C2143: syntax error: missing ';' before '__cdecl'
c:\program files (x86)\windows kits\8.1\include\um\shellapi.h(1614): error C4430: missing type specifier - int assumed. Note: C++ does not support default-int
c:\program files (x86)\windows kits\8.1\include\um\shellapi.h(1630): error C2143: syntax error: missing ';' before '__cdecl'
c:\program files (x86)\windows kits\8.1\include\um\shellapi.h(1630): error C4430: missing type specifier - int assumed. Note: C++ does not support default-int
c:\program files (x86)\windows kits\8.1\include\um\shellapi.h(1630): error C2370: 'HRESULT': redefinition; different storage class
  c:\program files (x86)\windows kits\8.1\include\um\shellapi.h(1614): note: see declaration of 'HRESULT'
c:\program files (x86)\windows kits\8.1\include\um\shellapi.h(1648): error C2059: syntax error: '__cdecl'
c:\program files (x86)\windows kits\8.1\include\um\shellapi.h(1649): error C2059: syntax error: '__cdecl'
c:\program files (x86)\windows kits\8.1\include\um\shellapi.h(1719): error C2143: syntax error: missing ';' before '__cdecl'
c:\program files (x86)\windows kits\8.1\include\um\shellapi.h(1719): error C4430: missing type specifier - int assumed. Note: C++ does not support default-int
c:\program files (x86)\windows kits\8.1\include\um\wincrypt.h(16633): error C2143: syntax error: missing ';' before '__cdecl'
c:\program files (x86)\windows kits\8.1\include\um\wincrypt.h(16633): error C4430: missing type specifier - int assumed. Note: C++ does not support default-int
c:\program files (x86)\windows kits\8.1\include\um\wincrypt.h(16633): error C2086: 'int HRESULT': redefinition
  c:\program files (x86)\windows kits\8.1\include\um\shellapi.h(1719): note: see declaration of 'HRESULT'
c:\program files (x86)\windows kits\8.1\include\um\wincrypt.h(16643): error C4430: missing type specifier - int assumed. Note: C++ does not support default-int
c:\program files (x86)\windows kits\8.1\include\um\winspool.h(3464): error C2143: syntax error: missing ';' before '__cdecl'
c:\program files (x86)\windows kits\8.1\include\um\winspool.h(3464): error C4430: missing type specifier - int assumed. Note: C++ does not support default-int
c:\program files (x86)\windows kits\8.1\include\um\winspool.h(3464): error C2086: 'int HRESULT': redefinition
  c:\program files (x86)\windows kits\8.1\include\um\shellapi.h(1719): note: see declaration of 'HRESULT'
c:\program files (x86)\windows kits\8.1\include\um\winspool.h(3471): error C4430: missing type specifier - int assumed. Note: C++ does not support default-int
c:\program files (x86)\windows kits\8.1\include\um\winspool.h(3473): error C2143: syntax error: missing ';' before '__cdecl'
c:\program files (x86)\windows kits\8.1\include\um\winspool.h(3473): error C4430: missing type specifier - int assumed. Note: C++ does not support default-int
c:\program files (x86)\windows kits\8.1\include\um\winspool.h(3473): error C2086: 'int HRESULT': redefinition
  c:\program files (x86)\windows kits\8.1\include\um\shellapi.h(1719): note: see declaration of 'HRESULT'
c:\program files (x86)\windows kits\8.1\include\um\winspool.h(3480): error C4430: missing type specifier - int assumed. Note: C++ does not support default-int
c:\program files (x86)\windows kits\8.1\include\um\winspool.h(3493): error C2143: syntax error: missing ';' before '__cdecl'
c:\program files (x86)\windows kits\8.1\include\um\winspool.h(3493): error C4430: missing type specifier - int assumed. Note: C++ does not support default-int
c:\program files (x86)\windows kits\8.1\include\um\winspool.h(3493): error C2086: 'int HRESULT': redefinition
  c:\program files (x86)\windows kits\8.1\include\um\shellapi.h(1719): note: see declaration of 'HRESULT'
c:\program files (x86)\windows kits\8.1\include\um\winspool.h(3503): error C4430: missing type specifier - int assumed. Note: C++ does not support default-int
c:\program files (x86)\windows kits\8.1\include\um\winspool.h(3505): error C2143: syntax error: missing ';' before '__cdecl'
c:\program files (x86)\windows kits\8.1\include\um\winspool.h(3505): error C4430: missing type specifier - int assumed. Note: C++ does not support default-int
c:\program files (x86)\windows kits\8.1\include\um\winspool.h(3505): error C2086: 'int HRESULT': redefinition
  c:\program files (x86)\windows kits\8.1\include\um\shellapi.h(1719): note: see declaration of 'HRESULT'
c:\program files (x86)\windows kits\8.1\include\um\winspool.h(3515): error C4430: missing type specifier - int assumed. Note: C++ does not support default-int
c:\program files (x86)\windows kits\8.1\include\um\winspool.h(3545): error C2143: syntax error: missing ';' before '__cdecl'
c:\program files (x86)\windows kits\8.1\include\um\winspool.h(3545): error C4430: missing type specifier - int assumed. Note: C++ does not support default-int
c:\program files (x86)\windows kits\8.1\include\um\winspool.h(3545): error C2086: 'int HRESULT': redefinition
  c:\program files (x86)\windows kits\8.1\include\um\shellapi.h(1719): note: see declaration of 'HRESULT'
c:\program files (x86)\windows kits\8.1\include\um\winspool.h(3552): error C4430: missing type specifier - int assumed. Note: C++ does not support default-int
c:\program files (x86)\windows kits\8.1\include\um\winspool.h(3554): error C2143: syntax error: missing ';' before '__cdecl'
c:\program files (x86)\windows kits\8.1\include\um\winspool.h(3554): error C4430: missing type specifier - int assumed. Note: C++ does not support default-int
c:\program files (x86)\windows kits\8.1\include\um\winspool.h(3554): error C2086: 'int HRESULT': redefinition
  c:\program files (x86)\windows kits\8.1\include\um\shellapi.h(1719): note: see declaration of 'HRESULT'
c:\program files (x86)\windows kits\8.1\include\um\winspool.h(3561): error C4430: missing type specifier - int assumed. Note: C++ does not support default-int
c:\program files (x86)\windows kits\8.1\include\um\winspool.h(3569): error C2143: syntax error: missing ';' before '__cdecl'
c:\program files (x86)\windows kits\8.1\include\um\winspool.h(3569): error C4430: missing type specifier - int assumed. Note: C++ does not support default-int
c:\program files (x86)\windows kits\8.1\include\um\winspool.h(3569): error C2086: 'int HRESULT': redefinition
  c:\program files (x86)\windows kits\8.1\include\um\shellapi.h(1719): note: see declaration of 'HRESULT'
c:\program files (x86)\windows kits\8.1\include\um\winspool.h(3577): error C4430: missing type specifier - int assumed. Note: C++ does not support default-int
c:\program files (x86)\windows kits\8.1\include\um\winspool.h(3579): error C2143: syntax error: missing ';' before '__cdecl'
c:\program files (x86)\windows kits\8.1\include\um\winspool.h(3579): error C4430: missing type specifier - int assumed. Note: C++ does not support default-int
c:\program files (x86)\windows kits\8.1\include\um\winspool.h(3579): error C2086: 'int HRESULT': redefinition
  c:\program files (x86)\windows kits\8.1\include\um\shellapi.h(1719): note: see declaration of 'HRESULT'
c:\program files (x86)\windows kits\8.1\include\um\winspool.h(3587): error C4430: missing type specifier - int assumed. Note: C++ does not support default-int
c:\program files (x86)\windows kits\8.1\include\um\winspool.h(3595): error C2143: syntax error: missing ';' before '__cdecl'
c:\program files (x86)\windows kits\8.1\include\um\winspool.h(3595): error C4430: missing type specifier - int assumed. Note: C++ does not support default-int
c:\program files (x86)\windows kits\8.1\include\um\winspool.h(3595): error C2086: 'int HRESULT': redefinition
  c:\program files (x86)\windows kits\8.1\include\um\shellapi.h(1719): note: see declaration of 'HRESULT'
c:\program files (x86)\windows kits\8.1\include\um\winspool.h(3604): error C4430: missing type specifier - int assumed. Note: C++ does not support default-int
c:\program files (x86)\windows kits\8.1\include\um\winspool.h(3606): error C2143: syntax error: missing ';' before '__cdecl'
c:\program files (x86)\windows kits\8.1\include\um\winspool.h(3606): error C4430: missing type specifier - int assumed. Note: C++ does not support default-int
c:\program files (x86)\windows kits\8.1\include\um\winspool.h(3606): error C2086: 'int HRESULT': redefinition
  c:\program files (x86)\windows kits\8.1\include\um\shellapi.h(1719): note: see declaration of 'HRESULT'
c:\program files (x86)\windows kits\8.1\include\um\winspool.h(3615): error C4430: missing type specifier - int assumed. Note: C++ does not support default-int
c:\program files (x86)\windows kits\8.1\include\um\winspool.h(3623): error C2143: syntax error: missing ';' before '__cdecl'
c:\program files (x86)\windows kits\8.1\include\um\winspool.h(3623): error C4430: missing type specifier - int assumed. Note: C++ does not support default-int
c:\program files (x86)\windows kits\8.1\include\um\winspool.h(3623): error C2086: 'int HRESULT': redefinition
  c:\program files (x86)\windows kits\8.1\include\um\shellapi.h(1719): note: see declaration of 'HRESULT'
c:\program files (x86)\windows kits\8.1\include\um\winspool.h(3628): error C4430: missing type specifier - int assumed. Note: C++ does not support default-int
c:\program files (x86)\windows kits\8.1\include\um\winspool.h(3630): error C2143: syntax error: missing ';' before '__cdecl'
c:\program files (x86)\windows kits\8.1\include\um\winspool.h(3630): fatal error C1003: error count exceeds 100; stopping compilation
