c:\users\posejdon256\downloads\lab1\in-domek\domek\x64\debug\vc141.pdb
c:\users\posejdon256\downloads\lab1\in-domek\domek\x64\debug\vc141.idb
c:\users\posejdon256\downloads\lab1\in-domek\domek\x64\debug\collision.obj
c:\users\posejdon256\downloads\lab1\in-domek\domek\x64\debug\datawindow.obj
c:\users\posejdon256\downloads\lab1\in-domek\domek\x64\debug\sceletonbasics.obj
c:\users\posejdon256\downloads\lab1\in-domek\domek\x64\debug\scene.obj
c:\users\posejdon256\downloads\lab1\in-domek\domek\x64\debug\texturedeffect.obj
c:\users\posejdon256\downloads\lab1\in-domek\domek\x64\debug\main.obj
c:\users\posejdon256\downloads\lab1\in-domek\domek\texturedps.cso
c:\users\posejdon256\downloads\lab1\in-domek\domek\texturedvs.cso
c:\users\posejdon256\downloads\lab1\in-domek\x64\debug\domek.ilk
c:\users\posejdon256\downloads\lab1\in-domek\x64\debug\domek.exe
c:\users\posejdon256\downloads\lab1\in-domek\x64\debug\domek.pdb
c:\users\posejdon256\downloads\lab1\in-domek\domek\x64\debug\domek.tlog\cl.command.1.tlog
c:\users\posejdon256\downloads\lab1\in-domek\domek\x64\debug\domek.tlog\cl.read.1.tlog
c:\users\posejdon256\downloads\lab1\in-domek\domek\x64\debug\domek.tlog\cl.write.1.tlog
c:\users\posejdon256\downloads\lab1\in-domek\domek\x64\debug\domek.tlog\domek.write.1u.tlog
c:\users\posejdon256\downloads\lab1\in-domek\domek\x64\debug\domek.tlog\fxc.command.1.tlog
c:\users\posejdon256\downloads\lab1\in-domek\domek\x64\debug\domek.tlog\fxc.read.1.tlog
c:\users\posejdon256\downloads\lab1\in-domek\domek\x64\debug\domek.tlog\fxc.write.1.tlog
c:\users\posejdon256\downloads\lab1\in-domek\domek\x64\debug\domek.tlog\link.command.1.tlog
c:\users\posejdon256\downloads\lab1\in-domek\domek\x64\debug\domek.tlog\link.read.1.tlog
c:\users\posejdon256\downloads\lab1\in-domek\domek\x64\debug\domek.tlog\link.write.1.tlog
